#
# There is insufficient memory for the Java Runtime Environment to continue.
# Native memory allocation (malloc) failed to allocate 538896 bytes for Chunk::new
# Possible reasons:
#   The system is out of physical RAM or swap space
#   In 32 bit mode, the process size limit was hit
# Possible solutions:
#   Reduce memory load on the system
#   Increase physical memory or swap space
#   Check if swap backing store is full
#   Use 64 bit Java on a 64 bit OS
#   Decrease Java heap size (-Xmx/-Xms)
#   Decrease number of Java threads
#   Decrease Java thread stack sizes (-Xss)
#   Set larger code cache with -XX:ReservedCodeCacheSize=
# This output file may be truncated or incomplete.
#
#  Out of Memory Error (allocation.cpp:390), pid=124, tid=0x000000000000319c
#
# JRE version: Java(TM) SE Runtime Environment (8.0_101-b13) (build 1.8.0_101-b13)
# Java VM: Java HotSpot(TM) 64-Bit Server VM (25.101-b13 mixed mode windows-amd64 compressed oops)
# Failed to write core dump. Minidumps are not enabled by default on client versions of Windows
#

---------------  T H R E A D  ---------------

Current thread (0x0000000015430000):  JavaThread "C2 CompilerThread1" daemon [_thread_in_native, id=12700, stack(0x0000000016b70000,0x0000000016c70000)]

Stack: [0x0000000016b70000,0x0000000016c70000]
[error occurred during error reporting (printing stack bounds), id 0xc0000005]

Native frames: (J=compiled Java code, j=interpreted, Vv=VM code, C=native code)


Current CompileTask:
C2:  11956 2120       4       com.android.dx.ssa.SCCP::run (298 bytes)


---------------  P R O C E S S  ---------------

Java Threads: ( => current thread )
  0x0000000016ed4000 JavaThread "pool-2-thread-4" [_thread_in_Java, id=6772, stack(0x0000000017770000,0x0000000017870000)]
  0x0000000016ed3000 JavaThread "pool-2-thread-3" [_thread_blocked, id=15800, stack(0x0000000017670000,0x0000000017770000)]
  0x0000000016ed2000 JavaThread "pool-2-thread-2" [_thread_blocked, id=14060, stack(0x0000000017570000,0x0000000017670000)]
  0x0000000016ecf800 JavaThread "pool-3-thread-1" [_thread_blocked, id=14392, stack(0x0000000017470000,0x0000000017570000)]
  0x0000000016ece800 JavaThread "pool-2-thread-1" [_thread_blocked, id=8328, stack(0x0000000017370000,0x0000000017470000)]
  0x0000000016c85800 JavaThread "Service Thread" daemon [_thread_blocked, id=1084, stack(0x0000000017170000,0x0000000017270000)]
  0x0000000016c78800 JavaThread "C1 CompilerThread2" daemon [_thread_blocked, id=7616, stack(0x0000000017070000,0x0000000017170000)]
=>0x0000000015430000 JavaThread "C2 CompilerThread1" daemon [_thread_in_native, id=12700, stack(0x0000000016b70000,0x0000000016c70000)]
  0x000000001542d000 JavaThread "C2 CompilerThread0" daemon [_thread_in_native, id=12196, stack(0x0000000016a70000,0x0000000016b70000)]
  0x000000001542b000 JavaThread "Attach Listener" daemon [_thread_blocked, id=6488, stack(0x0000000016970000,0x0000000016a70000)]
  0x0000000015429800 JavaThread "Signal Dispatcher" daemon [_thread_blocked, id=12428, stack(0x0000000016870000,0x0000000016970000)]
  0x000000001541a800 JavaThread "Finalizer" daemon [_thread_blocked, id=8072, stack(0x0000000016690000,0x0000000016790000)]
  0x0000000002d4f800 JavaThread "Reference Handler" daemon [_thread_blocked, id=15212, stack(0x0000000016590000,0x0000000016690000)]
  0x0000000002c60800 JavaThread "main" [_thread_blocked, id=10808, stack(0x0000000002b60000,0x0000000002c60000)]

Other Threads:
  0x00000000153f8000 VMThread [stack: 0x0000000016490000,0x0000000016590000] [id=15992]
  0x0000000016c7d000 WatcherThread [stack: 0x0000000017270000,0x0000000017370000] [id=15688]

VM state:not at safepoint (normal execution)

VM Mutex/Monitor currently owned by a thread: None

Heap:
 PSYoungGen      total 138240K, used 34440K [0x00000000eab00000, 0x00000000f3700000, 0x0000000100000000)
  eden space 133120K, 22% used [0x00000000eab00000,0x00000000ec7a9db0,0x00000000f2d00000)
  from space 5120K, 99% used [0x00000000f3200000,0x00000000f36f8628,0x00000000f3700000)
  to   space 5120K, 0% used [0x00000000f2d00000,0x00000000f2d00000,0x00000000f3200000)
 ParOldGen       total 87552K, used 29154K [0x00000000c0000000, 0x00000000c5580000, 0x00000000eab00000)
  object space 87552K, 33% used [0x00000000c0000000,0x00000000c1c78a88,0x00000000c5580000)
 Metaspace       used 6305K, capacity 7152K, committed 7296K, reserved 1056768K
  class space    used 594K, capacity 616K, committed 640K, reserved 1048576K

Card table byte_map: [0x0000000012120000,0x0000000012330000] byte_map_base: 0x0000000011b20000

Marking Bits: (ParMarkBitMap*) 0x000000007277a6d0
 Begin Bits: [0x0000000012890000, 0x0000000013890000)
 End Bits:   [0x0000000013890000, 0x0000000014890000)

Polling page: 0x0000000000e40000

CodeCache: size=245760Kb used=10577Kb max_used=10581Kb free=235182Kb
 bounds [0x0000000002d60000, 0x00000000037d0000, 0x0000000011d60000]
 total_blobs=2350 nmethods=2080 adapters=182
 compilation: enabled

Compilation events (10 events):
Event: 11.861 Thread 0x0000000015430000 nmethod 2115 0x00000000037be910 code [0x00000000037beb40, 0x00000000037bff78]
Event: 11.862 Thread 0x0000000015430000 2105       4       com.android.dx.ssa.back.FirstFitLocalCombiningAllocator$1::visitNonMoveInsn (6 bytes)
Event: 11.862 Thread 0x0000000015430000 nmethod 2105 0x000000000379e1d0 code [0x000000000379e320, 0x000000000379e3a8]
Event: 11.862 Thread 0x0000000015430000 2108       4       com.android.dx.ssa.SsaRenamer$BlockRenamer::processResultReg (56 bytes)
Event: 11.864 Thread 0x0000000015430000 nmethod 2108 0x00000000037a19d0 code [0x00000000037a1b20, 0x00000000037a1c78]
Event: 11.864 Thread 0x0000000015430000 2120       4       com.android.dx.ssa.SCCP::run (298 bytes)
Event: 11.864 Thread 0x0000000016c78800 2121       3       com.android.dx.dex.file.EncodedField::hashCode (8 bytes)
Event: 11.865 Thread 0x0000000016c78800 nmethod 2121 0x00000000037bd990 code [0x00000000037bdb60, 0x00000000037be468]
Event: 11.878 Thread 0x0000000016c78800 2123       3       com.android.dx.ssa.back.FirstFitLocalCombiningAllocator::getLocalItemForReg (97 bytes)
Event: 11.879 Thread 0x0000000016c78800 nmethod 2123 0x00000000037bc250 code [0x00000000037bc4a0, 0x00000000037bd418]

GC Heap History (8 events):
Event: 3.651 GC heap before
{Heap before GC invocations=1 (full 0):
 PSYoungGen      total 38400K, used 33280K [0x00000000eab00000, 0x00000000ed580000, 0x0000000100000000)
  eden space 33280K, 100% used [0x00000000eab00000,0x00000000ecb80000,0x00000000ecb80000)
  from space 5120K, 0% used [0x00000000ed080000,0x00000000ed080000,0x00000000ed580000)
  to   space 5120K, 0% used [0x00000000ecb80000,0x00000000ecb80000,0x00000000ed080000)
 ParOldGen       total 87552K, used 0K [0x00000000c0000000, 0x00000000c5580000, 0x00000000eab00000)
  object space 87552K, 0% used [0x00000000c0000000,0x00000000c0000000,0x00000000c5580000)
 Metaspace       used 6005K, capacity 7024K, committed 7296K, reserved 1056768K
  class space    used 591K, capacity 616K, committed 640K, reserved 1048576K
Event: 3.786 GC heap after
Heap after GC invocations=1 (full 0):
 PSYoungGen      total 38400K, used 5115K [0x00000000eab00000, 0x00000000ef600000, 0x0000000100000000)
  eden space 33280K, 0% used [0x00000000eab00000,0x00000000eab00000,0x00000000ecb80000)
  from space 5120K, 99% used [0x00000000ecb80000,0x00000000ed07ef18,0x00000000ed080000)
  to   space 5120K, 0% used [0x00000000ef100000,0x00000000ef100000,0x00000000ef600000)
 ParOldGen       total 87552K, used 2124K [0x00000000c0000000, 0x00000000c5580000, 0x00000000eab00000)
  object space 87552K, 2% used [0x00000000c0000000,0x00000000c0213078,0x00000000c5580000)
 Metaspace       used 6005K, capacity 7024K, committed 7296K, reserved 1056768K
  class space    used 591K, capacity 616K, committed 640K, reserved 1048576K
}
Event: 5.010 GC heap before
{Heap before GC invocations=2 (full 0):
 PSYoungGen      total 38400K, used 38395K [0x00000000eab00000, 0x00000000ef600000, 0x0000000100000000)
  eden space 33280K, 100% used [0x00000000eab00000,0x00000000ecb80000,0x00000000ecb80000)
  from space 5120K, 99% used [0x00000000ecb80000,0x00000000ed07ef18,0x00000000ed080000)
  to   space 5120K, 0% used [0x00000000ef100000,0x00000000ef100000,0x00000000ef600000)
 ParOldGen       total 87552K, used 2124K [0x00000000c0000000, 0x00000000c5580000, 0x00000000eab00000)
  object space 87552K, 2% used [0x00000000c0000000,0x00000000c0213078,0x00000000c5580000)
 Metaspace       used 6160K, capacity 7088K, committed 7296K, reserved 1056768K
  class space    used 592K, capacity 616K, committed 640K, reserved 1048576K
Event: 5.030 GC heap after
Heap after GC invocations=2 (full 0):
 PSYoungGen      total 71680K, used 5088K [0x00000000eab00000, 0x00000000ef600000, 0x0000000100000000)
  eden space 66560K, 0% used [0x00000000eab00000,0x00000000eab00000,0x00000000eec00000)
  from space 5120K, 99% used [0x00000000ef100000,0x00000000ef5f8028,0x00000000ef600000)
  to   space 5120K, 0% used [0x00000000eec00000,0x00000000eec00000,0x00000000ef100000)
 ParOldGen       total 87552K, used 7470K [0x00000000c0000000, 0x00000000c5580000, 0x00000000eab00000)
  object space 87552K, 8% used [0x00000000c0000000,0x00000000c074bb88,0x00000000c5580000)
 Metaspace       used 6160K, capacity 7088K, committed 7296K, reserved 1056768K
  class space    used 592K, capacity 616K, committed 640K, reserved 1048576K
}
Event: 8.285 GC heap before
{Heap before GC invocations=3 (full 0):
 PSYoungGen      total 71680K, used 71648K [0x00000000eab00000, 0x00000000ef600000, 0x0000000100000000)
  eden space 66560K, 100% used [0x00000000eab00000,0x00000000eec00000,0x00000000eec00000)
  from space 5120K, 99% used [0x00000000ef100000,0x00000000ef5f8028,0x00000000ef600000)
  to   space 5120K, 0% used [0x00000000eec00000,0x00000000eec00000,0x00000000ef100000)
 ParOldGen       total 87552K, used 7470K [0x00000000c0000000, 0x00000000c5580000, 0x00000000eab00000)
  object space 87552K, 8% used [0x00000000c0000000,0x00000000c074bb88,0x00000000c5580000)
 Metaspace       used 6279K, capacity 7152K, committed 7296K, reserved 1056768K
  class space    used 593K, capacity 616K, committed 640K, reserved 1048576K
Event: 8.414 GC heap after
Heap after GC invocations=3 (full 0):
 PSYoungGen      total 71680K, used 5115K [0x00000000eab00000, 0x00000000f3700000, 0x0000000100000000)
  eden space 66560K, 0% used [0x00000000eab00000,0x00000000eab00000,0x00000000eec00000)
  from space 5120K, 99% used [0x00000000eec00000,0x00000000ef0fef88,0x00000000ef100000)
  to   space 5120K, 0% used [0x00000000f3200000,0x00000000f3200000,0x00000000f3700000)
 ParOldGen       total 87552K, used 17872K [0x00000000c0000000, 0x00000000c5580000, 0x00000000eab00000)
  object space 87552K, 20% used [0x00000000c0000000,0x00000000c11743e0,0x00000000c5580000)
 Metaspace       used 6279K, capacity 7152K, committed 7296K, reserved 1056768K
  class space    used 593K, capacity 616K, committed 640K, reserved 1048576K
}
Event: 11.639 GC heap before
{Heap before GC invocations=4 (full 0):
 PSYoungGen      total 71680K, used 71675K [0x00000000eab00000, 0x00000000f3700000, 0x0000000100000000)
  eden space 66560K, 100% used [0x00000000eab00000,0x00000000eec00000,0x00000000eec00000)
  from space 5120K, 99% used [0x00000000eec00000,0x00000000ef0fef88,0x00000000ef100000)
  to   space 5120K, 0% used [0x00000000f3200000,0x00000000f3200000,0x00000000f3700000)
 ParOldGen       total 87552K, used 17872K [0x00000000c0000000, 0x00000000c5580000, 0x00000000eab00000)
  object space 87552K, 20% used [0x00000000c0000000,0x00000000c11743e0,0x00000000c5580000)
 Metaspace       used 6302K, capacity 7152K, committed 7296K, reserved 1056768K
  class space    used 594K, capacity 616K, committed 640K, reserved 1048576K
Event: 11.773 GC heap after
Heap after GC invocations=4 (full 0):
 PSYoungGen      total 138240K, used 5089K [0x00000000eab00000, 0x00000000f3700000, 0x0000000100000000)
  eden space 133120K, 0% used [0x00000000eab00000,0x00000000eab00000,0x00000000f2d00000)
  from space 5120K, 99% used [0x00000000f3200000,0x00000000f36f8628,0x00000000f3700000)
  to   space 5120K, 0% used [0x00000000f2d00000,0x00000000f2d00000,0x00000000f3200000)
 ParOldGen       total 87552K, used 29154K [0x00000000c0000000, 0x00000000c5580000, 0x00000000eab00000)
  object space 87552K, 33% used [0x00000000c0000000,0x00000000c1c78a88,0x00000000c5580000)
 Metaspace       used 6302K, capacity 7152K, committed 7296K, reserved 1056768K
  class space    used 594K, capacity 616K, committed 640K, reserved 1048576K
}

Deoptimization events (10 events):
Event: 9.920 Thread 0x0000000016ed2000 Uncommon trap: reason=unstable_if action=reinterpret pc=0x000000000351ba74 method=com.android.dx.ssa.SsaBasicBlock.scheduleMovesFromPhis()V @ 63
Event: 9.929 Thread 0x0000000016ed2000 Uncommon trap: reason=bimorphic action=maybe_recompile pc=0x00000000034dd39c method=com.android.dx.cf.code.RopperMachine.run(Lcom/android/dx/cf/code/Frame;II)V @ 988
Event: 9.929 Thread 0x0000000016ed2000 Uncommon trap: reason=unloaded action=reinterpret pc=0x000000000336513c method=com.android.dx.ssa.LiteralOpUpgrader$1.visitNonMoveInsn(Lcom/android/dx/ssa/NormalSsaInsn;)V @ 72
Event: 9.930 Thread 0x0000000016ed2000 Uncommon trap: reason=unstable_if action=reinterpret pc=0x00000000031d14dc method=com.android.dx.ssa.SsaMethod.updateOneDefinition(Lcom/android/dx/ssa/SsaInsn;Lcom/android/dx/rop/code/RegisterSpec;)V @ 4
Event: 9.972 Thread 0x0000000016ed2000 Uncommon trap: reason=bimorphic action=maybe_recompile pc=0x00000000034dd39c method=com.android.dx.cf.code.RopperMachine.run(Lcom/android/dx/cf/code/Frame;II)V @ 988
Event: 10.455 Thread 0x0000000016ed4000 Uncommon trap: reason=bimorphic action=maybe_recompile pc=0x0000000002f63ca8 method=java.util.HashMap.getNode(ILjava/lang/Object;)Ljava/util/HashMap$Node; @ 126
Event: 10.455 Thread 0x0000000016ed4000 Uncommon trap: reason=class_check action=maybe_recompile pc=0x00000000031fc820 method=java.util.HashMap.putVal(ILjava/lang/Object;Ljava/lang/Object;ZZ)Ljava/lang/Object; @ 203
Event: 11.036 Thread 0x0000000016ece800 Uncommon trap: reason=unstable_if action=reinterpret pc=0x00000000033a19d0 method=com.android.dx.rop.code.LocalItem.compareHandlesNulls(Lcom/android/dx/rop/cst/CstString;Lcom/android/dx/rop/cst/CstString;)I @ 14
Event: 11.087 Thread 0x0000000016ece800 Uncommon trap: reason=unstable_if action=reinterpret pc=0x00000000033807fc method=com.android.dx.rop.code.LocalItem.compareHandlesNulls(Lcom/android/dx/rop/cst/CstString;Lcom/android/dx/rop/cst/CstString;)I @ 14
Event: 11.149 Thread 0x0000000016ed4000 Uncommon trap: reason=unstable_if action=reinterpret pc=0x0000000003700ea4 method=com.android.dx.rop.code.BasicBlockList.preferredSuccessorOf(Lcom/android/dx/rop/code/BasicBlock;)Lcom/android/dx/rop/code/BasicBlock; @ 58

Internal exceptions (7 events):
Event: 0.252 Thread 0x0000000002c60800 Exception <a 'java/lang/NoSuchMethodError': Method sun.misc.Unsafe.defineClass(Ljava/lang/String;[BII)Ljava/lang/Class; name or signature does not match> (0x00000000eab07cc0) thrown at [C:\re\workspace\8-2-build-windows-amd64-cygwin\jdk8u101\7261\hotspot\sERn\$Ð?
Event: 0.252 Thread 0x0000000002c60800 Exception <a 'java/lang/NoSuchMethodError': Method sun.misc.Unsafe.prefetchRead(Ljava/lang/Object;J)V name or signature does not match> (0x00000000eab07fa8) thrown at [C:\re\workspace\8-2-build-windows-amd64-cygwin\jdk8u101\7261\hotspot\src\share\vm\prims\­Ñ–T)ä@
Event: 2.861 Thread 0x0000000016ece800 Implicit null exception at 0x00000000030232c8 to 0x00000000030252b9
Event: 2.862 Thread 0x0000000016ece800 Implicit null exception at 0x0000000003040509 to 0x0000000003042469
Event: 3.498 Thread 0x0000000016ece800 Implicit null exception at 0x00000000030b1762 to 0x00000000030b185a
Event: 11.036 Thread 0x0000000016ece800 Implicit null exception at 0x00000000033a0173 to 0x00000000033a1999
Event: 11.087 Thread 0x0000000016ece800 Implicit null exception at 0x000000000337eef6 to 0x00000000033807cd

Events (10 events):
Event: 11.149 Thread 0x0000000016ed4000 DEOPT PACKING pc=0x0000000003700ea4 sp=0x000000001786e8e0
Event: 11.149 Thread 0x0000000016ed4000 DEOPT UNPACKING pc=0x0000000002da582a sp=0x000000001786e7d0 mode 2
Event: 11.166 Thread 0x0000000016ed4000 DEOPT PACKING pc=0x00000000032239fd sp=0x000000001786e760
Event: 11.166 Thread 0x0000000016ed4000 DEOPT UNPACKING pc=0x0000000002da787f sp=0x000000001786e4f0 mode 0
Event: 11.508 Executing VM operation: ParallelGCFailedAllocation
Event: 11.773 Executing VM operation: ParallelGCFailedAllocation done
Event: 11.804 Thread 0x0000000016ed4000 DEOPT PACKING pc=0x00000000032239fd sp=0x000000001786e760
Event: 11.804 Thread 0x0000000016ed4000 DEOPT UNPACKING pc=0x0000000002da787f sp=0x000000001786e4f0 mode 0
Event: 11.865 Thread 0x0000000016ece800 DEOPT PACKING pc=0x00000000032239c1 sp=0x000000001746eac0
Event: 11.865 Thread 0x0000000016ece800 DEOPT UNPACKING pc=0x0000000002da787f sp=0x000000001746e850 mode 0


Dynamic libraries:
0x00007ff7115d0000 - 0x00007ff711607000 	C:\Program Files\Java\jdk1.8.0_101\bin\java.exe
0x00007ffc3f3e0000 - 0x00007ffc3f5a1000 	C:\windows\SYSTEM32\ntdll.dll
0x00007ffc3e9b0000 - 0x00007ffc3ea5d000 	C:\windows\system32\KERNEL32.DLL
0x00007ffc3bb60000 - 0x00007ffc3bd48000 	C:\windows\system32\KERNELBASE.dll
0x00007ffc3c7e0000 - 0x00007ffc3c887000 	C:\windows\system32\ADVAPI32.dll
0x00007ffc3e580000 - 0x00007ffc3e61d000 	C:\windows\system32\msvcrt.dll
0x00007ffc3ca30000 - 0x00007ffc3ca8b000 	C:\windows\system32\sechost.dll
0x00007ffc3f2c0000 - 0x00007ffc3f3dc000 	C:\windows\system32\RPCRT4.dll
0x00007ffc3ca90000 - 0x00007ffc3cbe6000 	C:\windows\system32\USER32.dll
0x00007ffc3c890000 - 0x00007ffc3ca16000 	C:\windows\system32\GDI32.dll
0x00007ffc2f5b0000 - 0x00007ffc2f824000 	C:\windows\WinSxS\amd64_microsoft.windows.common-controls_6595b64144ccf1df_6.0.10586.494_none_a2d8b04ea53e3145\COMCTL32.dll
0x00007ffc3ec10000 - 0x00007ffc3ee8d000 	C:\windows\system32\combase.dll
0x00007ffc3bd50000 - 0x00007ffc3bdba000 	C:\windows\system32\bcryptPrimitives.dll
0x00007ffc3e540000 - 0x00007ffc3e57b000 	C:\windows\system32\IMM32.DLL
0x0000000071820000 - 0x00000000718f2000 	C:\Program Files\Java\jdk1.8.0_101\jre\bin\msvcr100.dll
0x0000000071f60000 - 0x00000000727fa000 	C:\Program Files\Java\jdk1.8.0_101\jre\bin\server\jvm.dll
0x00007ffc3e460000 - 0x00007ffc3e468000 	C:\windows\system32\PSAPI.DLL
0x00007ffc383a0000 - 0x00007ffc383a9000 	C:\windows\SYSTEM32\WSOCK32.dll
0x00007ffc393d0000 - 0x00007ffc393f3000 	C:\windows\SYSTEM32\WINMM.dll
0x00007ffc3a0c0000 - 0x00007ffc3a0ca000 	C:\windows\SYSTEM32\VERSION.dll
0x00007ffc393a0000 - 0x00007ffc393cc000 	C:\windows\SYSTEM32\WINMMBASE.dll
0x00007ffc3e470000 - 0x00007ffc3e4db000 	C:\windows\system32\WS2_32.dll
0x00007ffc3bb10000 - 0x00007ffc3bb53000 	C:\windows\system32\cfgmgr32.dll
0x0000000071f50000 - 0x0000000071f5f000 	C:\Program Files\Java\jdk1.8.0_101\jre\bin\verify.dll
0x0000000071f20000 - 0x0000000071f49000 	C:\Program Files\Java\jdk1.8.0_101\jre\bin\java.dll
0x0000000071f00000 - 0x0000000071f16000 	C:\Program Files\Java\jdk1.8.0_101\jre\bin\zip.dll
0x00007ffc3cda0000 - 0x00007ffc3e2fc000 	C:\windows\system32\SHELL32.dll
0x00007ffc3c100000 - 0x00007ffc3c745000 	C:\windows\system32\windows.storage.dll
0x00007ffc3cd40000 - 0x00007ffc3cd92000 	C:\windows\system32\shlwapi.dll
0x00007ffc3ba10000 - 0x00007ffc3ba1f000 	C:\windows\system32\kernel.appcore.dll
0x00007ffc3bdc0000 - 0x00007ffc3be75000 	C:\windows\system32\shcore.dll
0x00007ffc3ba40000 - 0x00007ffc3ba8b000 	C:\windows\system32\powrprof.dll
0x00007ffc3ba20000 - 0x00007ffc3ba34000 	C:\windows\system32\profapi.dll

VM Arguments:
jvm_args: -Djava.awt.headless=true -Xmx1024M -Dfile.encoding=windows-1252 -Duser.country=US -Duser.language=en -Duser.variant 
java_command: com.android.dx.command.Main --dex --force-jumbo --num-threads=4 --multi-dex --output C:\Users\chad_\Downloads\Parse-Starter-Project-9.7.2016\ParseStarterProject\build\intermediates\transforms\dex\debug\folders\1000\10\parse-android-1.13.0_ffe99b751ef3cf25dfb9d53362bb486c388c7b04 C:\Users\chad_\.gradle\caches\modules-2\files-2.1\com.parse\parse-android\1.13.0\58a7d54b6a4f28be11f0cecec93097eddf473e6f\parse-android-1.13.0.jar
java_class_path (initial): C:\Users\chad_\AppData\Local\Android\sdk\build-tools\23.0.1\lib\dx.jar
Launcher Type: SUN_STANDARD

Environment Variables:
PATH=C:\ProgramData\Oracle\Java\javapath;C:\Program Files (x86)\Intel\iCLS Client\;C:\Program Files\Intel\iCLS Client\;C:\windows\system32;C:\windows;C:\windows\System32\Wbem;C:\windows\System32\WindowsPowerShell\v1.0\;C:\Program Files (x86)\Intel\Intel(R) Management Engine Components\DAL;C:\Program Files\Intel\Intel(R) Management Engine Components\DAL;C:\Program Files (x86)\Intel\Intel(R) Management Engine Components\IPT;C:\Program Files\Intel\Intel(R) Management Engine Components\IPT;C:\Program Files\Intel\WiFi\bin\;C:\Program Files\Common Files\Intel\WirelessCommon\;C:\Program Files (x86)\QuickTime\QTSystem\;C:\Program Files\nodejs\;C:\Program Files (x86)\Heroku\bin;C:\Program Files (x86)\git\cmd;C:\Program Files (x86)\Git\cmd;C:\Program Files\MongoDB\Server\3.2\bin\;C:\Program Files\MongoDB\Server\3.2\bin\
USERNAME=chad_
OS=Windows_NT
PROCESSOR_IDENTIFIER=Intel64 Family 6 Model 78 Stepping 3, GenuineIntel



---------------  S Y S T E M  ---------------

OS: Windows 10.0 , 64 bit Build 10586 (10.0.10586.0)

CPU:total 4 (2 cores per cpu, 2 threads per core) family 6 model 78 stepping 3, cmov, cx8, fxsr, mmx, sse, sse2, sse3, ssse3, sse4.1, sse4.2, popcnt, avx, avx2, aes, clmul, erms, 3dnowpref, lzcnt, ht, tsc, tscinvbit, bmi1, bmi2, adx

Memory: 4k page, physical 8274336k(550992k free), swap 11066548k(5168k free)

vm_info: Java HotSpot(TM) 64-Bit Server VM (25.101-b13) for windows-amd64 JRE (1.8.0_101-b13), built on Jun 22 2016 01:21:29 by "java_re" with MS VC++ 10.0 (VS2010)

time: Sun Sep 11 09:17:22 2016
elapsed time: 11 seconds (0d 0h 0m 11s)

