#
# There is insufficient memory for the Java Runtime Environment to continue.
# Native memory allocation (malloc) failed to allocate 374816 bytes for Chunk::new
# Possible reasons:
#   The system is out of physical RAM or swap space
#   In 32 bit mode, the process size limit was hit
# Possible solutions:
#   Reduce memory load on the system
#   Increase physical memory or swap space
#   Check if swap backing store is full
#   Use 64 bit Java on a 64 bit OS
#   Decrease Java heap size (-Xmx/-Xms)
#   Decrease number of Java threads
#   Decrease Java thread stack sizes (-Xss)
#   Set larger code cache with -XX:ReservedCodeCacheSize=
# This output file may be truncated or incomplete.
#
#  Out of Memory Error (allocation.cpp:390), pid=5876, tid=0x000000000000187c
#
# JRE version: Java(TM) SE Runtime Environment (8.0_101-b13) (build 1.8.0_101-b13)
# Java VM: Java HotSpot(TM) 64-Bit Server VM (25.101-b13 mixed mode windows-amd64 compressed oops)
# Failed to write core dump. Minidumps are not enabled by default on client versions of Windows
#

---------------  T H R E A D  ---------------

Current thread (0x0000000014f09000):  JavaThread "C2 CompilerThread1" daemon [_thread_in_native, id=6268, stack(0x0000000016650000,0x0000000016750000)]

Stack: [0x0000000016650000,0x0000000016750000]
[error occurred during error reporting (printing stack bounds), id 0xc0000005]

Native frames: (J=compiled Java code, j=interpreted, Vv=VM code, C=native code)


Current CompileTask:
C2:   3208 1462       4       com.android.dx.ssa.SCCP::simulateBranch (666 bytes)


---------------  P R O C E S S  ---------------

Java Threads: ( => current thread )
  0x00000000169b7800 JavaThread "pool-2-thread-4" [_thread_in_Java, id=16104, stack(0x0000000017250000,0x0000000017350000)]
  0x00000000169b5000 JavaThread "pool-2-thread-3" [_thread_in_Java, id=5176, stack(0x0000000017150000,0x0000000017250000)]
  0x00000000169b2800 JavaThread "pool-2-thread-2" [_thread_in_Java, id=12920, stack(0x0000000017050000,0x0000000017150000)]
  0x00000000169af000 JavaThread "pool-3-thread-1" [_thread_blocked, id=4980, stack(0x0000000016f50000,0x0000000017050000)]
  0x00000000169ae000 JavaThread "pool-2-thread-1" [_thread_in_Java, id=2332, stack(0x0000000016e50000,0x0000000016f50000)]
  0x000000001675c800 JavaThread "Service Thread" daemon [_thread_blocked, id=1980, stack(0x0000000016c50000,0x0000000016d50000)]
  0x0000000014f6e800 JavaThread "C1 CompilerThread2" daemon [_thread_blocked, id=8552, stack(0x0000000016b50000,0x0000000016c50000)]
=>0x0000000014f09000 JavaThread "C2 CompilerThread1" daemon [_thread_in_native, id=6268, stack(0x0000000016650000,0x0000000016750000)]
  0x0000000014f19000 JavaThread "C2 CompilerThread0" daemon [_thread_in_native, id=13280, stack(0x0000000016550000,0x0000000016650000)]
  0x0000000014f17000 JavaThread "Attach Listener" daemon [_thread_blocked, id=1052, stack(0x0000000016450000,0x0000000016550000)]
  0x0000000014f15800 JavaThread "Signal Dispatcher" daemon [_thread_blocked, id=16016, stack(0x0000000016350000,0x0000000016450000)]
  0x0000000014efa000 JavaThread "Finalizer" daemon [_thread_blocked, id=120, stack(0x0000000016160000,0x0000000016260000)]
  0x0000000014ed9000 JavaThread "Reference Handler" daemon [_thread_blocked, id=15160, stack(0x0000000016060000,0x0000000016160000)]
  0x0000000002711000 JavaThread "main" [_thread_blocked, id=15524, stack(0x0000000002600000,0x0000000002700000)]

Other Threads:
  0x0000000014ed7800 VMThread [stack: 0x0000000015f60000,0x0000000016060000] [id=6516]
  0x0000000016761800 WatcherThread [stack: 0x0000000016d50000,0x0000000016e50000] [id=16224]

VM state:not at safepoint (normal execution)

VM Mutex/Monitor currently owned by a thread: None

Heap:
 PSYoungGen      total 38400K, used 24506K [0x00000000eab00000, 0x00000000ef600000, 0x0000000100000000)
  eden space 33280K, 58% used [0x00000000eab00000,0x00000000ebdf3c38,0x00000000ecb80000)
  from space 5120K, 99% used [0x00000000ecb80000,0x00000000ed07aea0,0x00000000ed080000)
  to   space 5120K, 0% used [0x00000000ef100000,0x00000000ef100000,0x00000000ef600000)
 ParOldGen       total 87552K, used 1768K [0x00000000c0000000, 0x00000000c5580000, 0x00000000eab00000)
  object space 87552K, 2% used [0x00000000c0000000,0x00000000c01ba190,0x00000000c5580000)
 Metaspace       used 6089K, capacity 7088K, committed 7296K, reserved 1056768K
  class space    used 594K, capacity 616K, committed 640K, reserved 1048576K

Card table byte_map: [0x0000000011be0000,0x0000000011df0000] byte_map_base: 0x00000000115e0000

Marking Bits: (ParMarkBitMap*) 0x000000007277a6d0
 Begin Bits: [0x0000000012350000, 0x0000000013350000)
 End Bits:   [0x0000000013350000, 0x0000000014350000)

Polling page: 0x00000000024b0000

CodeCache: size=245760Kb used=6169Kb max_used=6181Kb free=239590Kb
 bounds [0x0000000002820000, 0x0000000002e40000, 0x0000000011820000]
 total_blobs=1730 nmethods=1461 adapters=182
 compilation: enabled

Compilation events (10 events):
Event: 3.120 Thread 0x0000000014f09000 nmethod 1456 0x0000000002e23350 code [0x0000000002e234e0, 0x0000000002e23ef8]
Event: 3.120 Thread 0x0000000014f09000 1464   !   4       com.android.dx.rop.code.BasicBlock::<init> (273 bytes)
Event: 3.120 Thread 0x0000000014f6e800 1467       3       com.android.dx.dex.cf.CfTranslator::translate0 (259 bytes)
Event: 3.123 Thread 0x0000000014f6e800 nmethod 1467 0x0000000002e29090 code [0x0000000002e29500, 0x0000000002e2c138]
Event: 3.123 Thread 0x0000000014f6e800 1468       3       com.android.dx.cf.iface.StdFieldList::get (9 bytes)
Event: 3.124 Thread 0x0000000014f6e800 nmethod 1468 0x0000000002e22e10 code [0x0000000002e22f80, 0x0000000002e23288]
Event: 3.124 Thread 0x0000000014f6e800 1469       3       com.android.dx.dex.file.EncodedField::<init> (25 bytes)
Event: 3.124 Thread 0x0000000014f6e800 nmethod 1469 0x0000000002e25390 code [0x0000000002e25520, 0x0000000002e25848]
Event: 3.131 Thread 0x0000000014f09000 nmethod 1464 0x0000000002e2fbd0 code [0x0000000002e2fd40, 0x0000000002e303b8]
Event: 3.131 Thread 0x0000000014f09000 1462       4       com.android.dx.ssa.SCCP::simulateBranch (666 bytes)

GC Heap History (2 events):
Event: 2.748 GC heap before
{Heap before GC invocations=1 (full 0):
 PSYoungGen      total 38400K, used 33280K [0x00000000eab00000, 0x00000000ed580000, 0x0000000100000000)
  eden space 33280K, 100% used [0x00000000eab00000,0x00000000ecb80000,0x00000000ecb80000)
  from space 5120K, 0% used [0x00000000ed080000,0x00000000ed080000,0x00000000ed580000)
  to   space 5120K, 0% used [0x00000000ecb80000,0x00000000ecb80000,0x00000000ed080000)
 ParOldGen       total 87552K, used 0K [0x00000000c0000000, 0x00000000c5580000, 0x00000000eab00000)
  object space 87552K, 0% used [0x00000000c0000000,0x00000000c0000000,0x00000000c5580000)
 Metaspace       used 6014K, capacity 7024K, committed 7296K, reserved 1056768K
  class space    used 593K, capacity 616K, committed 640K, reserved 1048576K
Event: 2.949 GC heap after
Heap after GC invocations=1 (full 0):
 PSYoungGen      total 38400K, used 5099K [0x00000000eab00000, 0x00000000ef600000, 0x0000000100000000)
  eden space 33280K, 0% used [0x00000000eab00000,0x00000000eab00000,0x00000000ecb80000)
  from space 5120K, 99% used [0x00000000ecb80000,0x00000000ed07aea0,0x00000000ed080000)
  to   space 5120K, 0% used [0x00000000ef100000,0x00000000ef100000,0x00000000ef600000)
 ParOldGen       total 87552K, used 1768K [0x00000000c0000000, 0x00000000c5580000, 0x00000000eab00000)
  object space 87552K, 2% used [0x00000000c0000000,0x00000000c01ba190,0x00000000c5580000)
 Metaspace       used 6014K, capacity 7024K, committed 7296K, reserved 1056768K
  class space    used 593K, capacity 616K, committed 640K, reserved 1048576K
}

Deoptimization events (10 events):
Event: 1.858 Thread 0x0000000002711000 Uncommon trap: reason=class_check action=maybe_recompile pc=0x0000000002b493a8 method=com.android.dx.rop.type.Type.equals(Ljava/lang/Object;)Z @ 8
Event: 1.858 Thread 0x0000000002711000 Uncommon trap: reason=class_check action=maybe_recompile pc=0x0000000002b493a8 method=com.android.dx.rop.type.Type.equals(Ljava/lang/Object;)Z @ 8
Event: 1.859 Thread 0x0000000002711000 Uncommon trap: reason=class_check action=maybe_recompile pc=0x0000000002b493a8 method=com.android.dx.rop.type.Type.equals(Ljava/lang/Object;)Z @ 8
Event: 1.859 Thread 0x0000000002711000 Uncommon trap: reason=class_check action=maybe_recompile pc=0x0000000002b493a8 method=com.android.dx.rop.type.Type.equals(Ljava/lang/Object;)Z @ 8
Event: 1.896 Thread 0x00000000169ae000 Uncommon trap: reason=unstable_if action=reinterpret pc=0x0000000002bf13ac method=com.android.dx.rop.code.RegisterSpec.equals(ILcom/android/dx/rop/type/TypeBearer;Lcom/android/dx/rop/code/LocalItem;)Z @ 16
Event: 1.896 Thread 0x00000000169ae000 Uncommon trap: reason=unstable_if action=reinterpret pc=0x0000000002a80cf0 method=java.util.HashMap.getNode(ILjava/lang/Object;)Ljava/util/HashMap$Node; @ 62
Event: 1.926 Thread 0x00000000169b7800 Uncommon trap: reason=unstable_if action=reinterpret pc=0x0000000002bb1474 method=java.util.HashMap.getNode(ILjava/lang/Object;)Ljava/util/HashMap$Node; @ 62
Event: 1.934 Thread 0x00000000169b7800 Uncommon trap: reason=unstable_if action=reinterpret pc=0x0000000002c16ddc method=java.util.HashMap.getNode(ILjava/lang/Object;)Ljava/util/HashMap$Node; @ 129
Event: 3.052 Thread 0x00000000169b2800 Uncommon trap: reason=unstable_if action=reinterpret pc=0x0000000002d97ac4 method=com.android.dx.rop.code.RegisterSpec.equals(ILcom/android/dx/rop/type/TypeBearer;Lcom/android/dx/rop/code/LocalItem;)Z @ 42
Event: 3.056 Thread 0x00000000169b2800 Uncommon trap: reason=unstable_if action=reinterpret pc=0x0000000002aea55c method=com.android.dx.rop.cst.Constant.compareTo(Lcom/android/dx/rop/cst/Constant;)I @ 12

Internal exceptions (3 events):
Event: 0.199 Thread 0x0000000002711000 Exception <a 'java/lang/NoSuchMethodError': Method sun.misc.Unsafe.defineClass(Ljava/lang/String;[BII)Ljava/lang/Class; name or signature does not match> (0x00000000eab07cc0) thrown at [C:\re\workspace\8-2-build-windows-amd64-cygwin\jdk8u101\7261\hotspot\sg_W[ð„É?
Event: 0.199 Thread 0x0000000002711000 Exception <a 'java/lang/NoSuchMethodError': Method sun.misc.Unsafe.prefetchRead(Ljava/lang/Object;J)V name or signature does not match> (0x00000000eab07fa8) thrown at [C:\re\workspace\8-2-build-windows-amd64-cygwin\jdk8u101\7261\hotspot\src\share\vm\prims\·ôFQ.ûû?
Event: 1.749 Thread 0x00000000169ae000 Implicit null exception at 0x0000000002b51493 to 0x0000000002b53851

Events (10 events):
Event: 3.052 Thread 0x00000000169b2800 DEOPT UNPACKING pc=0x000000000286582a sp=0x000000001714e488 mode 2
Event: 3.056 Thread 0x00000000169b2800 Uncommon trap: trap_request=0xffffff65 fr.pc=0x0000000002aea55c
Event: 3.056 Thread 0x00000000169b2800 DEOPT PACKING pc=0x0000000002aea55c sp=0x000000001714e0a0
Event: 3.056 Thread 0x00000000169b2800 DEOPT UNPACKING pc=0x000000000286582a sp=0x000000001714e040 mode 2
Event: 3.090 loading class com/android/dx/cf/attrib/AttRuntimeVisibleAnnotations
Event: 3.090 loading class com/android/dx/cf/attrib/AttRuntimeVisibleAnnotations done
Event: 3.090 loading class com/android/dx/cf/attrib/BaseAnnotations
Event: 3.090 loading class com/android/dx/cf/attrib/BaseAnnotations done
Event: 3.092 loading class com/android/dx/dex/file/MethodAnnotationStruct
Event: 3.092 loading class com/android/dx/dex/file/MethodAnnotationStruct done


Dynamic libraries:
0x00007ff7115d0000 - 0x00007ff711607000 	C:\Program Files\Java\jdk1.8.0_101\bin\java.exe
0x00007ffc3f3e0000 - 0x00007ffc3f5a1000 	C:\windows\SYSTEM32\ntdll.dll
0x00007ffc3e9b0000 - 0x00007ffc3ea5d000 	C:\windows\system32\KERNEL32.DLL
0x00007ffc3bb60000 - 0x00007ffc3bd48000 	C:\windows\system32\KERNELBASE.dll
0x00007ffc3c7e0000 - 0x00007ffc3c887000 	C:\windows\system32\ADVAPI32.dll
0x00007ffc3e580000 - 0x00007ffc3e61d000 	C:\windows\system32\msvcrt.dll
0x00007ffc3ca30000 - 0x00007ffc3ca8b000 	C:\windows\system32\sechost.dll
0x00007ffc3f2c0000 - 0x00007ffc3f3dc000 	C:\windows\system32\RPCRT4.dll
0x00007ffc3ca90000 - 0x00007ffc3cbe6000 	C:\windows\system32\USER32.dll
0x00007ffc3c890000 - 0x00007ffc3ca16000 	C:\windows\system32\GDI32.dll
0x00007ffc2f5b0000 - 0x00007ffc2f824000 	C:\windows\WinSxS\amd64_microsoft.windows.common-controls_6595b64144ccf1df_6.0.10586.494_none_a2d8b04ea53e3145\COMCTL32.dll
0x00007ffc3ec10000 - 0x00007ffc3ee8d000 	C:\windows\system32\combase.dll
0x00007ffc3bd50000 - 0x00007ffc3bdba000 	C:\windows\system32\bcryptPrimitives.dll
0x00007ffc3e540000 - 0x00007ffc3e57b000 	C:\windows\system32\IMM32.DLL
0x0000000071820000 - 0x00000000718f2000 	C:\Program Files\Java\jdk1.8.0_101\jre\bin\msvcr100.dll
0x0000000071f60000 - 0x00000000727fa000 	C:\Program Files\Java\jdk1.8.0_101\jre\bin\server\jvm.dll
0x00007ffc3e460000 - 0x00007ffc3e468000 	C:\windows\system32\PSAPI.DLL
0x00007ffc383a0000 - 0x00007ffc383a9000 	C:\windows\SYSTEM32\WSOCK32.dll
0x00007ffc393d0000 - 0x00007ffc393f3000 	C:\windows\SYSTEM32\WINMM.dll
0x00007ffc3a0c0000 - 0x00007ffc3a0ca000 	C:\windows\SYSTEM32\VERSION.dll
0x00007ffc3e470000 - 0x00007ffc3e4db000 	C:\windows\system32\WS2_32.dll
0x00007ffc393a0000 - 0x00007ffc393cc000 	C:\windows\SYSTEM32\WINMMBASE.dll
0x00007ffc3bb10000 - 0x00007ffc3bb53000 	C:\windows\system32\cfgmgr32.dll
0x0000000071f50000 - 0x0000000071f5f000 	C:\Program Files\Java\jdk1.8.0_101\jre\bin\verify.dll
0x0000000071f20000 - 0x0000000071f49000 	C:\Program Files\Java\jdk1.8.0_101\jre\bin\java.dll
0x0000000071f00000 - 0x0000000071f16000 	C:\Program Files\Java\jdk1.8.0_101\jre\bin\zip.dll
0x00007ffc3cda0000 - 0x00007ffc3e2fc000 	C:\windows\system32\SHELL32.dll
0x00007ffc3c100000 - 0x00007ffc3c745000 	C:\windows\system32\windows.storage.dll
0x00007ffc3cd40000 - 0x00007ffc3cd92000 	C:\windows\system32\shlwapi.dll
0x00007ffc3ba10000 - 0x00007ffc3ba1f000 	C:\windows\system32\kernel.appcore.dll
0x00007ffc3bdc0000 - 0x00007ffc3be75000 	C:\windows\system32\shcore.dll
0x00007ffc3ba40000 - 0x00007ffc3ba8b000 	C:\windows\system32\powrprof.dll
0x00007ffc3ba20000 - 0x00007ffc3ba34000 	C:\windows\system32\profapi.dll

VM Arguments:
jvm_args: -Djava.awt.headless=true -Xmx1024M -Dfile.encoding=windows-1252 -Duser.country=US -Duser.language=en -Duser.variant 
java_command: com.android.dx.command.Main --dex --force-jumbo --num-threads=4 --multi-dex --output C:\Users\chad_\Downloads\Parse-Starter-Project-9.7.2016\ParseStarterProject\build\intermediates\transforms\dex\debug\folders\1000\10\com.android.support-support-v4-22.2.0_4ac4cf8fc03b8073888d109c8500442adb8b8c5f C:\Users\chad_\Downloads\Parse-Starter-Project-9.7.2016\ParseStarterProject\build\intermediates\exploded-aar\com.android.support\support-v4\22.2.0\jars\classes.jar
java_class_path (initial): C:\Users\chad_\AppData\Local\Android\sdk\build-tools\23.0.1\lib\dx.jar
Launcher Type: SUN_STANDARD

Environment Variables:
PATH=C:\ProgramData\Oracle\Java\javapath;C:\Program Files (x86)\Intel\iCLS Client\;C:\Program Files\Intel\iCLS Client\;C:\windows\system32;C:\windows;C:\windows\System32\Wbem;C:\windows\System32\WindowsPowerShell\v1.0\;C:\Program Files (x86)\Intel\Intel(R) Management Engine Components\DAL;C:\Program Files\Intel\Intel(R) Management Engine Components\DAL;C:\Program Files (x86)\Intel\Intel(R) Management Engine Components\IPT;C:\Program Files\Intel\Intel(R) Management Engine Components\IPT;C:\Program Files\Intel\WiFi\bin\;C:\Program Files\Common Files\Intel\WirelessCommon\;C:\Program Files (x86)\QuickTime\QTSystem\;C:\Program Files\nodejs\;C:\Program Files (x86)\Heroku\bin;C:\Program Files (x86)\git\cmd;C:\Program Files (x86)\Git\cmd;C:\Program Files\MongoDB\Server\3.2\bin\;C:\Program Files\MongoDB\Server\3.2\bin\
USERNAME=chad_
OS=Windows_NT
PROCESSOR_IDENTIFIER=Intel64 Family 6 Model 78 Stepping 3, GenuineIntel



---------------  S Y S T E M  ---------------

OS: Windows 10.0 , 64 bit Build 10586 (10.0.10586.0)

CPU:total 4 (2 cores per cpu, 2 threads per core) family 6 model 78 stepping 3, cmov, cx8, fxsr, mmx, sse, sse2, sse3, ssse3, sse4.1, sse4.2, popcnt, avx, avx2, aes, clmul, erms, 3dnowpref, lzcnt, ht, tsc, tscinvbit, bmi1, bmi2, adx

Memory: 4k page, physical 8274336k(1298360k free), swap 11062620k(3808k free)

vm_info: Java HotSpot(TM) 64-Bit Server VM (25.101-b13) for windows-amd64 JRE (1.8.0_101-b13), built on Jun 22 2016 01:21:29 by "java_re" with MS VC++ 10.0 (VS2010)

time: Sun Sep 11 09:23:11 2016
elapsed time: 3 seconds (0d 0h 0m 3s)

