#
# There is insufficient memory for the Java Runtime Environment to continue.
# Native memory allocation (malloc) failed to allocate 1048576 bytes for AllocateHeap
# Possible reasons:
#   The system is out of physical RAM or swap space
#   In 32 bit mode, the process size limit was hit
# Possible solutions:
#   Reduce memory load on the system
#   Increase physical memory or swap space
#   Check if swap backing store is full
#   Use 64 bit Java on a 64 bit OS
#   Decrease Java heap size (-Xmx/-Xms)
#   Decrease number of Java threads
#   Decrease Java thread stack sizes (-Xss)
#   Set larger code cache with -XX:ReservedCodeCacheSize=
# This output file may be truncated or incomplete.
#
#  Out of Memory Error (memory/allocation.inline.hpp:61), pid=14888, tid=0x000000000000208c
#
# JRE version:  (8.0_101-b13) (build )
# Java VM: Java HotSpot(TM) 64-Bit Server VM (25.101-b13 mixed mode windows-amd64 compressed oops)
# Failed to write core dump. Minidumps are not enabled by default on client versions of Windows
#

---------------  T H R E A D  ---------------

Current thread (0x00000000024c0800):  JavaThread "Unknown thread" [_thread_in_vm, id=8332, stack(0x00000000023c0000,0x00000000024c0000)]

Stack: [0x00000000023c0000,0x00000000024c0000]
[error occurred during error reporting (printing stack bounds), id 0xc0000005]

Native frames: (J=compiled Java code, j=interpreted, Vv=VM code, C=native code)


---------------  P R O C E S S  ---------------

Java Threads: ( => current thread )

Other Threads:

=>0x00000000024c0800 (exited) JavaThread "Unknown thread" [_thread_in_vm, id=8332, stack(0x00000000023c0000,0x00000000024c0000)]

VM state:not at safepoint (normal execution)

VM Mutex/Monitor currently owned by a thread: None

Heap:
 PSYoungGen      total 38400K, used 665K [0x00000000eab00000, 0x00000000ed580000, 0x0000000100000000)
  eden space 33280K, 2% used [0x00000000eab00000,0x00000000eaba6670,0x00000000ecb80000)
  from space 5120K, 0% used [0x00000000ed080000,0x00000000ed080000,0x00000000ed580000)
  to   space 5120K, 0% used [0x00000000ecb80000,0x00000000ecb80000,0x00000000ed080000)
 ParOldGen       total 87552K, used 0K [0x00000000c0000000, 0x00000000c5580000, 0x00000000eab00000)
  object space 87552K, 0% used [0x00000000c0000000,0x00000000c0000000,0x00000000c5580000)
 Metaspace       used 769K, capacity 4480K, committed 4480K, reserved 1056768K
  class space    used 75K, capacity 384K, committed 384K, reserved 1048576K

Card table byte_map: [0x0000000011980000,0x0000000011b90000] byte_map_base: 0x0000000011380000

Marking Bits: (ParMarkBitMap*) 0x000000007277a6d0
 Begin Bits: [0x00000000120f0000, 0x00000000130f0000)
 End Bits:   [0x00000000130f0000, 0x00000000140f0000)

Polling page: 0x0000000000660000

CodeCache: size=245760Kb used=328Kb max_used=328Kb free=245431Kb
 bounds [0x00000000025c0000, 0x0000000002830000, 0x00000000115c0000]
 total_blobs=58 nmethods=0 adapters=38
 compilation: enabled

Compilation events (0 events):
No events

GC Heap History (0 events):
No events

Deoptimization events (0 events):
No events

Internal exceptions (0 events):
No events

Events (10 events):
Event: 9.768 loading class java/lang/Short
Event: 9.769 loading class java/lang/Short done
Event: 9.769 loading class java/lang/Integer
Event: 9.769 loading class java/lang/Integer done
Event: 9.769 loading class java/lang/Long
Event: 9.770 loading class java/lang/Long done
Event: 9.771 loading class java/lang/NullPointerException
Event: 9.771 loading class java/lang/NullPointerException done
Event: 9.771 loading class java/lang/ArithmeticException
Event: 9.771 loading class java/lang/ArithmeticException done


Dynamic libraries:
0x00007ff7115d0000 - 0x00007ff711607000 	C:\Program Files\Java\jdk1.8.0_101\bin\java.exe
0x00007ffc3f3e0000 - 0x00007ffc3f5a1000 	C:\windows\SYSTEM32\ntdll.dll
0x00007ffc3e9b0000 - 0x00007ffc3ea5d000 	C:\windows\system32\KERNEL32.DLL
0x00007ffc3bb60000 - 0x00007ffc3bd48000 	C:\windows\system32\KERNELBASE.dll
0x00007ffc3c7e0000 - 0x00007ffc3c887000 	C:\windows\system32\ADVAPI32.dll
0x00007ffc3e580000 - 0x00007ffc3e61d000 	C:\windows\system32\msvcrt.dll
0x00007ffc3ca30000 - 0x00007ffc3ca8b000 	C:\windows\system32\sechost.dll
0x00007ffc3f2c0000 - 0x00007ffc3f3dc000 	C:\windows\system32\RPCRT4.dll
0x00007ffc3ca90000 - 0x00007ffc3cbe6000 	C:\windows\system32\USER32.dll
0x00007ffc3c890000 - 0x00007ffc3ca16000 	C:\windows\system32\GDI32.dll
0x00007ffc2f5b0000 - 0x00007ffc2f824000 	C:\windows\WinSxS\amd64_microsoft.windows.common-controls_6595b64144ccf1df_6.0.10586.494_none_a2d8b04ea53e3145\COMCTL32.dll
0x00007ffc3ec10000 - 0x00007ffc3ee8d000 	C:\windows\system32\combase.dll
0x00007ffc3bd50000 - 0x00007ffc3bdba000 	C:\windows\system32\bcryptPrimitives.dll
0x00007ffc3e540000 - 0x00007ffc3e57b000 	C:\windows\system32\IMM32.DLL
0x0000000071820000 - 0x00000000718f2000 	C:\Program Files\Java\jdk1.8.0_101\jre\bin\msvcr100.dll
0x0000000071f60000 - 0x00000000727fa000 	C:\Program Files\Java\jdk1.8.0_101\jre\bin\server\jvm.dll
0x00007ffc3e460000 - 0x00007ffc3e468000 	C:\windows\system32\PSAPI.DLL
0x00007ffc383a0000 - 0x00007ffc383a9000 	C:\windows\SYSTEM32\WSOCK32.dll
0x00007ffc393d0000 - 0x00007ffc393f3000 	C:\windows\SYSTEM32\WINMM.dll
0x00007ffc3a0c0000 - 0x00007ffc3a0ca000 	C:\windows\SYSTEM32\VERSION.dll
0x00007ffc3e470000 - 0x00007ffc3e4db000 	C:\windows\system32\WS2_32.dll
0x00007ffc393a0000 - 0x00007ffc393cc000 	C:\windows\SYSTEM32\WINMMBASE.dll
0x00007ffc3bb10000 - 0x00007ffc3bb53000 	C:\windows\system32\cfgmgr32.dll
0x0000000071f50000 - 0x0000000071f5f000 	C:\Program Files\Java\jdk1.8.0_101\jre\bin\verify.dll
0x0000000071f20000 - 0x0000000071f49000 	C:\Program Files\Java\jdk1.8.0_101\jre\bin\java.dll
0x0000000071f00000 - 0x0000000071f16000 	C:\Program Files\Java\jdk1.8.0_101\jre\bin\zip.dll

VM Arguments:
jvm_args: -Djava.awt.headless=true -Xmx1024M -Dfile.encoding=windows-1252 -Duser.country=US -Duser.language=en -Duser.variant 
java_command: com.android.dx.command.Main --dex --force-jumbo --num-threads=4 --multi-dex --output C:\Users\chad_\Downloads\Parse-Starter-Project-9.7.2016\ParseStarterProject\build\intermediates\transforms\dex\debug\folders\1000\5\slice_2 C:\Users\chad_\Downloads\Parse-Starter-Project-9.7.2016\ParseStarterProject\build\intermediates\transforms\instantRunSlicer\debug\folders\1\5\slice_2
java_class_path (initial): C:\Users\chad_\AppData\Local\Android\sdk\build-tools\23.0.1\lib\dx.jar
Launcher Type: SUN_STANDARD

Environment Variables:
PATH=C:\ProgramData\Oracle\Java\javapath;C:\Program Files (x86)\Intel\iCLS Client\;C:\Program Files\Intel\iCLS Client\;C:\windows\system32;C:\windows;C:\windows\System32\Wbem;C:\windows\System32\WindowsPowerShell\v1.0\;C:\Program Files (x86)\Intel\Intel(R) Management Engine Components\DAL;C:\Program Files\Intel\Intel(R) Management Engine Components\DAL;C:\Program Files (x86)\Intel\Intel(R) Management Engine Components\IPT;C:\Program Files\Intel\Intel(R) Management Engine Components\IPT;C:\Program Files\Intel\WiFi\bin\;C:\Program Files\Common Files\Intel\WirelessCommon\;C:\Program Files (x86)\QuickTime\QTSystem\;C:\Program Files\nodejs\;C:\Program Files (x86)\Heroku\bin;C:\Program Files (x86)\git\cmd;C:\Program Files (x86)\Git\cmd;C:\Program Files\MongoDB\Server\3.2\bin\;C:\Program Files\MongoDB\Server\3.2\bin\
USERNAME=chad_
OS=Windows_NT
PROCESSOR_IDENTIFIER=Intel64 Family 6 Model 78 Stepping 3, GenuineIntel



---------------  S Y S T E M  ---------------

OS: Windows 10.0 , 64 bit Build 10586 (10.0.10586.0)

CPU:total 4 (2 cores per cpu, 2 threads per core) family 6 model 78 stepping 3, cmov, cx8, fxsr, mmx, sse, sse2, sse3, ssse3, sse4.1, sse4.2, popcnt, avx, avx2, aes, clmul, erms, 3dnowpref, lzcnt, ht, tsc, tscinvbit, bmi1, bmi2, adx

Memory: 4k page, physical 8274336k(550856k free), swap 11066548k(5152k free)

vm_info: Java HotSpot(TM) 64-Bit Server VM (25.101-b13) for windows-amd64 JRE (1.8.0_101-b13), built on Jun 22 2016 01:21:29 by "java_re" with MS VC++ 10.0 (VS2010)

time: Sun Sep 11 09:17:22 2016
elapsed time: 10 seconds (0d 0h 0m 10s)

